2026-03-23 03:31:50,274 - FilesystemWatcher - INFO - Starting FilesystemWatcher (watchdog mode)
2026-03-23 03:31:50,274 - FilesystemWatcher - INFO - Watching: ..\Inbox
2026-03-23 03:33:08,872 - FilesystemWatcher - INFO - Created action file: FILE_test_task_001.txt_2026-03-23_03-33-08.md
2026-03-23 03:40:46,053 - FilesystemWatcher - INFO - Starting FilesystemWatcher (watchdog mode)
2026-03-23 03:40:46,053 - FilesystemWatcher - INFO - Watching: C:\Users\Evantagers\Documents\GitHub\ai-digital-FTEs\AI_Employee_Vault\scripts\..\Inbox
2026-03-23 03:51:21,691 - FilesystemWatcher - INFO - Starting FilesystemWatcher (watchdog mode)
2026-03-23 03:51:21,694 - FilesystemWatcher - INFO - Watching: C:\Users\Evantagers\Documents\GitHub\ai-digital-FTEs\AI_Employee_Vault\scripts\..\Inbox
2026-03-23 03:52:59,094 - FilesystemWatcher - INFO - New file detected: test.md
2026-03-23 03:52:59,094 - FilesystemWatcher - INFO - New file detected: test.md
2026-03-23 03:52:59,599 - FilesystemWatcher - INFO - Created action file: FILE_test.md_2026-03-23_03-52-59.md
2026-03-23 03:52:59,599 - FilesystemWatcher - INFO - Created action file: FILE_test.md_2026-03-23_03-52-59.md
2026-03-23 03:53:33,159 - FilesystemWatcher - INFO - Starting FilesystemWatcher (watchdog mode)
2026-03-23 03:53:33,159 - FilesystemWatcher - INFO - Watching: C:\Users\Evantagers\Documents\GitHub\ai-digital-FTEs\AI_Employee_Vault\scripts\..\Inbox
2026-03-23 04:18:24,263 - FilesystemWatcher - INFO - Starting FilesystemWatcher (watchdog mode)
2026-03-23 04:18:24,264 - FilesystemWatcher - INFO - Watching: C:\Users\Evantagers\Documents\GitHub\ai-digital-FTEs\AI_Employee_Vault\scripts\..\Inbox
2026-03-23 04:19:07,911 - FilesystemWatcher - INFO - New file detected: bill.md
2026-03-23 04:19:08,413 - FilesystemWatcher - INFO - Created action file: FILE_bill.md_2026-03-23_04-19-08.md
2026-03-23 04:25:34,026 - FilesystemWatcher - INFO - New file detected: slip.md
2026-03-23 04:25:34,529 - FilesystemWatcher - INFO - Created action file: FILE_slip.md_2026-03-23_04-25-34.md
2026-03-23 04:31:16,374 - FilesystemWatcher - INFO - New file detected: slip_01.md
2026-03-23 04:31:16,877 - FilesystemWatcher - INFO - Created action file: FILE_slip_01.md_2026-03-23_04-31-16.md
2026-03-23 04:38:13,973 - FilesystemWatcher - INFO - New file detected: recieved_voucher_01.md
2026-03-23 04:38:14,475 - FilesystemWatcher - INFO - Created action file: FILE_recieved_voucher_01.md_2026-03-23_04-38-14.md
2026-03-23 04:43:15,060 - FilesystemWatcher - INFO - New file detected: recieved_voucher_02.md
2026-03-23 04:43:15,564 - FilesystemWatcher - INFO - Created action file: FILE_recieved_voucher_02.md_2026-03-23_04-43-15.md
